<?xml version="1.0" encoding="UTF-8"?>
<!-- Generated by org.testng.reporters.JUnitReportReporter -->
<testsuite skipped="0" hostname="DESKTOP-QOJPVL1" name="day12_xmlsuite.Extent_HTML_Report" tests="1" failures="0" timestamp="19 May 2018 16:02:52 GMT" time="3.911" errors="0">
  <testcase name="test" time="3.911" classname="day12_xmlsuite.Extent_HTML_Report"/>
</testsuite> <!-- day12_xmlsuite.Extent_HTML_Report -->
