<?xml version="1.0" encoding="UTF-8"?>
<!-- Generated by org.testng.reporters.JUnitReportReporter -->
<testsuite skipped="0" hostname="DESKTOP-QOJPVL1" name="HomeWork.Actionitem_6" tests="1" failures="0" timestamp="11 May 2018 21:31:45 GMT" time="10.491" errors="0">
  <testcase name="testing" time="10.491" classname="HomeWork.Actionitem_6"/>
</testsuite> <!-- HomeWork.Actionitem_6 -->
