<?xml version="1.0" encoding="UTF-8"?>
<!-- Generated by org.testng.reporters.JUnitReportReporter -->
<testsuite skipped="0" hostname="DESKTOP-QOJPVL1" name="day12_xmlsuite.parallel_testing" tests="2" failures="0" timestamp="19 May 2018 23:24:02 GMT" time="77.651" errors="0">
  <testcase name="testScenario" time="39.971" classname="day12_xmlsuite.parallel_testing"/>
  <testcase name="testScenario" time="37.680" classname="day12_xmlsuite.parallel_testing"/>
</testsuite> <!-- day12_xmlsuite.parallel_testing -->
