<?xml version="1.0" encoding="UTF-8"?>
<!-- Generated by org.testng.reporters.JUnitReportReporter -->
<testsuite skipped="0" hostname="DESKTOP-QOJPVL1" name="day10.actionitem_inclass" tests="1" failures="0" timestamp="06 May 2018 19:26:59 GMT" time="20.209" errors="0">
  <testcase name="actionitem" time="20.209" classname="day10.actionitem_inclass"/>
</testsuite> <!-- day10.actionitem_inclass -->
