<?xml version="1.0" encoding="UTF-8"?>
<!-- Generated by org.testng.reporters.JUnitReportReporter -->
<testsuite skipped="0" hostname="DESKTOP-QOJPVL1" name="day_13.ExpressTest" tests="2" failures="0" timestamp="20 May 2018 16:32:31 GMT" time="20.183" errors="0">
  <testcase name="addQuantitiy" time="0.288" classname="day_13.ExpressTest"/>
  <testcase name="expressCheckout" time="19.895" classname="day_13.ExpressTest"/>
</testsuite> <!-- day_13.ExpressTest -->
