<?xml version="1.0" encoding="UTF-8"?>
<!-- Generated by org.testng.reporters.JUnitReportReporter -->
<testsuite skipped="0" hostname="DESKTOP-QOJPVL1" name="day10.count_tabs" tests="1" failures="0" timestamp="06 May 2018 16:16:50 GMT" time="6.208" errors="0">
  <testcase name="tetscenario" time="6.208" classname="day10.count_tabs"/>
</testsuite> <!-- day10.count_tabs -->
