<?xml version="1.0" encoding="UTF-8"?>
<!-- Generated by org.testng.reporters.JUnitReportReporter -->
<testsuite skipped="0" hostname="DESKTOP-QOJPVL1" name="day11.Extent_HTML_Report" tests="1" failures="0" timestamp="12 May 2018 18:59:44 GMT" time="3.177" errors="0">
  <testcase name="test" time="3.177" classname="day11.Extent_HTML_Report"/>
</testsuite> <!-- day11.Extent_HTML_Report -->
