<?xml version="1.0" encoding="UTF-8"?>
<!-- Generated by org.testng.reporters.JUnitReportReporter -->
<testsuite skipped="0" hostname="DESKTOP-QOJPVL1" name="day12_xmlsuite.actionitem_inclass" tests="1" failures="0" timestamp="19 May 2018 22:59:39 GMT" time="18.603" errors="0">
  <testcase name="actionitem" time="18.603" classname="day12_xmlsuite.actionitem_inclass"/>
</testsuite> <!-- day12_xmlsuite.actionitem_inclass -->
