<?xml version="1.0" encoding="UTF-8"?>
<!-- Generated by org.testng.reporters.JUnitReportReporter -->
<testsuite skipped="0" hostname="DESKTOP-QOJPVL1" name="HomeWork.actionitem_7rev" tests="2" failures="0" timestamp="17 May 2018 16:10:30 GMT" time="25.727" errors="0">
  <testcase name="testScenario" time="22.541" classname="HomeWork.actionitem_7rev"/>
  <testcase name="testScenario2" time="3.186" classname="HomeWork.actionitem_7rev"/>
</testsuite> <!-- HomeWork.actionitem_7rev -->
